<?xml version="1.0" encoding="UTF-8"?>
<testsuite xmlns:xsi="http://www.w3.org/2001/XMLSchema-instance" xsi:noNamespaceSchemaLocation="https://maven.apache.org/surefire/maven-surefire-plugin/xsd/surefire-test-report.xsd" name="cotacao.dolar.consumidor.CotacaoDolarTest" time="5.546" tests="1" errors="1" skipped="0" failures="0">
  <properties>
    <property name="sun.desktop" value="windows"/>
    <property name="awt.toolkit" value="sun.awt.windows.WToolkit"/>
    <property name="java.specification.version" value="11"/>
    <property name="sun.cpu.isalist" value="amd64"/>
    <property name="sun.jnu.encoding" value="Cp1252"/>
    <property name="java.class.path" value="C:\Users\italo\Documents\workspace-eclipse\cotacao-dolar\cotacao-dolar-consumidor\target\test-classes;C:\Users\italo\Documents\workspace-eclipse\cotacao-dolar\cotacao-dolar-consumidor\target\classes;C:\Users\italo\.m2\repository\io\quarkus\quarkus-resteasy-jackson\0.21.1\quarkus-resteasy-jackson-0.21.1.jar;C:\Users\italo\.m2\repository\io\quarkus\quarkus-resteasy\0.21.1\quarkus-resteasy-0.21.1.jar;C:\Users\italo\.m2\repository\io\quarkus\quarkus-resteasy-server-common\0.21.1\quarkus-resteasy-server-common-0.21.1.jar;C:\Users\italo\.m2\repository\javax\validation\validation-api\2.0.1.Final\validation-api-2.0.1.Final.jar;C:\Users\italo\.m2\repository\io\quarkus\quarkus-jaxb\0.21.1\quarkus-jaxb-0.21.1.jar;C:\Users\italo\.m2\repository\io\quarkus\quarkus-jackson\0.21.1\quarkus-jackson-0.21.1.jar;C:\Users\italo\.m2\repository\com\fasterxml\jackson\core\jackson-databind\2.9.9.3\jackson-databind-2.9.9.3.jar;C:\Users\italo\.m2\repository\org\jboss\resteasy\resteasy-jackson2-provider\4.2.0.Final\resteasy-jackson2-provider-4.2.0.Final.jar;C:\Users\italo\.m2\repository\org\jboss\resteasy\resteasy-jaxb-provider\4.2.0.Final\resteasy-jaxb-provider-4.2.0.Final.jar;C:\Users\italo\.m2\repository\org\jboss\spec\javax\xml\bind\jboss-jaxb-api_2.3_spec\1.0.1.Final\jboss-jaxb-api_2.3_spec-1.0.1.Final.jar;C:\Users\italo\.m2\repository\org\glassfish\jaxb\jaxb-runtime\2.3.1\jaxb-runtime-2.3.1.jar;C:\Users\italo\.m2\repository\org\glassfish\jaxb\txw2\2.3.1\txw2-2.3.1.jar;C:\Users\italo\.m2\repository\com\sun\istack\istack-commons-runtime\3.0.7\istack-commons-runtime-3.0.7.jar;C:\Users\italo\.m2\repository\org\jvnet\staxex\stax-ex\1.8\stax-ex-1.8.jar;C:\Users\italo\.m2\repository\com\sun\xml\fastinfoset\FastInfoset\1.2.15\FastInfoset-1.2.15.jar;C:\Users\italo\.m2\repository\com\fasterxml\jackson\core\jackson-core\2.9.9\jackson-core-2.9.9.jar;C:\Users\italo\.m2\repository\com\fasterxml\jackson\core\jackson-annotations\2.9.0\jackson-annotations-2.9.0.jar;C:\Users\italo\.m2\repository\com\fasterxml\jackson\jaxrs\jackson-jaxrs-json-provider\2.9.9\jackson-jaxrs-json-provider-2.9.9.jar;C:\Users\italo\.m2\repository\com\fasterxml\jackson\jaxrs\jackson-jaxrs-base\2.9.9\jackson-jaxrs-base-2.9.9.jar;C:\Users\italo\.m2\repository\com\fasterxml\jackson\module\jackson-module-jaxb-annotations\2.9.9\jackson-module-jaxb-annotations-2.9.9.jar;C:\Users\italo\.m2\repository\com\github\fge\json-patch\1.9\json-patch-1.9.jar;C:\Users\italo\.m2\repository\com\github\fge\jackson-coreutils\1.6\jackson-coreutils-1.6.jar;C:\Users\italo\.m2\repository\com\github\fge\msg-simple\1.1\msg-simple-1.1.jar;C:\Users\italo\.m2\repository\com\github\fge\btf\1.2\btf-1.2.jar;C:\Users\italo\.m2\repository\org\jboss\logging\jboss-logging\3.3.2.Final\jboss-logging-3.3.2.Final.jar;C:\Users\italo\.m2\repository\io\quarkus\quarkus-rest-client\0.21.1\quarkus-rest-client-0.21.1.jar;C:\Users\italo\.m2\repository\io\quarkus\quarkus-core\0.21.1\quarkus-core-0.21.1.jar;C:\Users\italo\.m2\repository\javax\inject\javax.inject\1\javax.inject-1.jar;C:\Users\italo\.m2\repository\javax\annotation\javax.annotation-api\1.3.2\javax.annotation-api-1.3.2.jar;C:\Users\italo\.m2\repository\io\smallrye\smallrye-config\1.3.5\smallrye-config-1.3.5.jar;C:\Users\italo\.m2\repository\javax\enterprise\cdi-api\2.0.SP1\cdi-api-2.0.SP1.jar;C:\Users\italo\.m2\repository\javax\el\javax.el-api\3.0.0\javax.el-api-3.0.0.jar;C:\Users\italo\.m2\repository\javax\interceptor\javax.interceptor-api\1.2\javax.interceptor-api-1.2.jar;C:\Users\italo\.m2\repository\org\jboss\logmanager\jboss-logmanager-embedded\1.0.3\jboss-logmanager-embedded-1.0.3.jar;C:\Users\italo\.m2\repository\org\jboss\logging\jboss-logging-annotations\2.1.0.Final\jboss-logging-annotations-2.1.0.Final.jar;C:\Users\italo\.m2\repository\org\jboss\threads\jboss-threads\3.0.0.Beta5\jboss-threads-3.0.0.Beta5.jar;C:\Users\italo\.m2\repository\org\slf4j\slf4j-api\1.7.25\slf4j-api-1.7.25.jar;C:\Users\italo\.m2\repository\org\jboss\slf4j\slf4j-jboss-logging\1.2.0.Final\slf4j-jboss-logging-1.2.0.Final.jar;C:\Users\italo\.m2\repository\org\graalvm\sdk\graal-sdk\19.1.1\graal-sdk-19.1.1.jar;C:\Users\italo\.m2\repository\org\wildfly\common\wildfly-common\1.5.0.Final-format-001\wildfly-common-1.5.0.Final-format-001.jar;C:\Users\italo\.m2\repository\org\wildfly\security\wildfly-elytron-ssl\2.0.0.Alpha4\wildfly-elytron-ssl-2.0.0.Alpha4.jar;C:\Users\italo\.m2\repository\org\wildfly\security\wildfly-elytron-auth-server\2.0.0.Alpha4\wildfly-elytron-auth-server-2.0.0.Alpha4.jar;C:\Users\italo\.m2\repository\org\wildfly\security\wildfly-elytron-permission\2.0.0.Alpha4\wildfly-elytron-permission-2.0.0.Alpha4.jar;C:\Users\italo\.m2\repository\org\wildfly\security\wildfly-elytron-base\2.0.0.Alpha4\wildfly-elytron-base-2.0.0.Alpha4.jar;C:\Users\italo\.m2\repository\org\wildfly\security\wildfly-elytron-credential\2.0.0.Alpha4\wildfly-elytron-credential-2.0.0.Alpha4.jar;C:\Users\italo\.m2\repository\org\wildfly\security\wildfly-elytron-keystore\2.0.0.Alpha4\wildfly-elytron-keystore-2.0.0.Alpha4.jar;C:\Users\italo\.m2\repository\org\wildfly\security\wildfly-elytron-provider-util\2.0.0.Alpha4\wildfly-elytron-provider-util-2.0.0.Alpha4.jar;C:\Users\italo\.m2\repository\org\wildfly\security\wildfly-elytron-auth\2.0.0.Alpha4\wildfly-elytron-auth-2.0.0.Alpha4.jar;C:\Users\italo\.m2\repository\org\wildfly\security\wildfly-elytron-util\2.0.0.Alpha4\wildfly-elytron-util-2.0.0.Alpha4.jar;C:\Users\italo\.m2\repository\org\wildfly\security\wildfly-elytron-x500\2.0.0.Alpha4\wildfly-elytron-x500-2.0.0.Alpha4.jar;C:\Users\italo\.m2\repository\org\wildfly\security\wildfly-elytron-x500-cert\2.0.0.Alpha4\wildfly-elytron-x500-cert-2.0.0.Alpha4.jar;C:\Users\italo\.m2\repository\org\wildfly\security\wildfly-elytron-asn1\2.0.0.Alpha4\wildfly-elytron-asn1-2.0.0.Alpha4.jar;C:\Users\italo\.m2\repository\org\wildfly\security\wildfly-elytron-x500-cert-util\2.0.0.Alpha4\wildfly-elytron-x500-cert-util-2.0.0.Alpha4.jar;C:\Users\italo\.m2\repository\io\quarkus\quarkus-arc\0.21.1\quarkus-arc-0.21.1.jar;C:\Users\italo\.m2\repository\io\quarkus\arc\arc\0.21.1\arc-0.21.1.jar;C:\Users\italo\.m2\repository\org\eclipse\microprofile\context-propagation\microprofile-context-propagation-api\1.0-RC1\microprofile-context-propagation-api-1.0-RC1.jar;C:\Users\italo\.m2\repository\io\quarkus\quarkus-resteasy-common\0.21.1\quarkus-resteasy-common-0.21.1.jar;C:\Users\italo\.m2\repository\org\jboss\resteasy\resteasy-core\4.2.0.Final\resteasy-core-4.2.0.Final.jar;C:\Users\italo\.m2\repository\org\jboss\spec\javax\ws\rs\jboss-jaxrs-api_2.1_spec\1.0.2.Final\jboss-jaxrs-api_2.1_spec-1.0.2.Final.jar;C:\Users\italo\.m2\repository\org\jboss\resteasy\resteasy-core-spi\4.2.0.Final\resteasy-core-spi-4.2.0.Final.jar;C:\Users\italo\.m2\repository\org\reactivestreams\reactive-streams\1.0.2\reactive-streams-1.0.2.jar;C:\Users\italo\.m2\repository\org\jboss\resteasy\resteasy-context-propagation\4.2.0.Final\resteasy-context-propagation-4.2.0.Final.jar;C:\Users\italo\.m2\repository\io\smallrye\smallrye-context-propagation\1.0.7\smallrye-context-propagation-1.0.7.jar;C:\Users\italo\.m2\repository\io\smallrye\smallrye-context-propagation-api\1.0.7\smallrye-context-propagation-api-1.0.7.jar;C:\Users\italo\.m2\repository\com\sun\activation\jakarta.activation\1.2.1\jakarta.activation-1.2.1.jar;C:\Users\italo\.m2\repository\org\jboss\resteasy\resteasy-client-microprofile\4.2.0.Final\resteasy-client-microprofile-4.2.0.Final.jar;C:\Users\italo\.m2\repository\org\jboss\resteasy\resteasy-client\4.2.0.Final\resteasy-client-4.2.0.Final.jar;C:\Users\italo\.m2\repository\org\jboss\resteasy\resteasy-client-api\4.2.0.Final\resteasy-client-api-4.2.0.Final.jar;C:\Users\italo\.m2\repository\commons-io\commons-io\2.5\commons-io-2.5.jar;C:\Users\italo\.m2\repository\org\jboss\resteasy\resteasy-cdi\4.2.0.Final\resteasy-cdi-4.2.0.Final.jar;C:\Users\italo\.m2\repository\org\jboss\spec\javax\interceptor\jboss-interceptors-api_1.2_spec\1.0.1.Final\jboss-interceptors-api_1.2_spec-1.0.1.Final.jar;C:\Users\italo\.m2\repository\org\jboss\weld\weld-api\3.0.SP4\weld-api-3.0.SP4.jar;C:\Users\italo\.m2\repository\org\eclipse\microprofile\rest\client\microprofile-rest-client-api\1.3.3\microprofile-rest-client-api-1.3.3.jar;C:\Users\italo\.m2\repository\org\apache\httpcomponents\httpasyncclient\4.1.4\httpasyncclient-4.1.4.jar;C:\Users\italo\.m2\repository\org\apache\httpcomponents\httpcore\4.4.11\httpcore-4.4.11.jar;C:\Users\italo\.m2\repository\org\apache\httpcomponents\httpcore-nio\4.4.10\httpcore-nio-4.4.10.jar;C:\Users\italo\.m2\repository\commons-logging\commons-logging\1.2\commons-logging-1.2.jar;C:\Users\italo\.m2\repository\io\quarkus\quarkus-smallrye-openapi\0.21.1\quarkus-smallrye-openapi-0.21.1.jar;C:\Users\italo\.m2\repository\io\smallrye\smallrye-open-api\1.1.3\smallrye-open-api-1.1.3.jar;C:\Users\italo\.m2\repository\org\eclipse\microprofile\openapi\microprofile-openapi-api\1.1.2\microprofile-openapi-api-1.1.2.jar;C:\Users\italo\.m2\repository\org\osgi\org.osgi.annotation.versioning\1.0.0\org.osgi.annotation.versioning-1.0.0.jar;C:\Users\italo\.m2\repository\org\eclipse\microprofile\config\microprofile-config-api\1.3\microprofile-config-api-1.3.jar;C:\Users\italo\.m2\repository\com\fasterxml\jackson\dataformat\jackson-dataformat-yaml\2.9.9\jackson-dataformat-yaml-2.9.9.jar;C:\Users\italo\.m2\repository\org\yaml\snakeyaml\1.23\snakeyaml-1.23.jar;C:\Users\italo\.m2\repository\org\jboss\jandex\2.1.1.Final\jandex-2.1.1.Final.jar;C:\Users\italo\.m2\repository\org\jboss\shrinkwrap\shrinkwrap-api\1.2.6\shrinkwrap-api-1.2.6.jar;C:\Users\italo\.m2\repository\commons-beanutils\commons-beanutils\1.9.3\commons-beanutils-1.9.3.jar;C:\Users\italo\.m2\repository\commons-collections\commons-collections\3.2.2\commons-collections-3.2.2.jar;C:\Users\italo\.m2\repository\io\quarkus\quarkus-undertow\0.21.1\quarkus-undertow-0.21.1.jar;C:\Users\italo\.m2\repository\io\quarkus\quarkus-undertow-common-substitutions\0.21.1\quarkus-undertow-common-substitutions-0.21.1.jar;C:\Users\italo\.m2\repository\io\undertow\undertow-servlet\2.0.23.Final\undertow-servlet-2.0.23.Final.jar;C:\Users\italo\.m2\repository\io\undertow\undertow-core\2.0.23.Final\undertow-core-2.0.23.Final.jar;C:\Users\italo\.m2\repository\org\jboss\spec\javax\servlet\jboss-servlet-api_4.0_spec\1.0.0.Final\jboss-servlet-api_4.0_spec-1.0.0.Final.jar;C:\Users\italo\.m2\repository\org\jboss\xnio\xnio-nio\3.7.2.Final\xnio-nio-3.7.2.Final.jar;C:\Users\italo\.m2\repository\org\jboss\xnio\xnio-api\3.7.2.Final\xnio-api-3.7.2.Final.jar;C:\Users\italo\.m2\repository\io\quarkus\quarkus-swagger-ui\0.21.1\quarkus-swagger-ui-0.21.1.jar;C:\Users\italo\.m2\repository\io\quarkus\quarkus-junit5\0.21.1\quarkus-junit5-0.21.1.jar;C:\Users\italo\.m2\repository\io\quarkus\quarkus-bootstrap-core\0.21.1\quarkus-bootstrap-core-0.21.1.jar;C:\Users\italo\.m2\repository\org\apache\maven\maven-embedder\3.5.4\maven-embedder-3.5.4.jar;C:\Users\italo\.m2\repository\org\apache\maven\maven-settings\3.5.4\maven-settings-3.5.4.jar;C:\Users\italo\.m2\repository\org\apache\maven\maven-core\3.5.4\maven-core-3.5.4.jar;C:\Users\italo\.m2\repository\org\apache\maven\maven-artifact\3.5.4\maven-artifact-3.5.4.jar;C:\Users\italo\.m2\repository\org\apache\maven\maven-plugin-api\3.5.4\maven-plugin-api-3.5.4.jar;C:\Users\italo\.m2\repository\org\apache\maven\maven-model\3.5.4\maven-model-3.5.4.jar;C:\Users\italo\.m2\repository\org\apache\maven\maven-model-builder\3.5.4\maven-model-builder-3.5.4.jar;C:\Users\italo\.m2\repository\org\apache\maven\maven-builder-support\3.5.4\maven-builder-support-3.5.4.jar;C:\Users\italo\.m2\repository\org\apache\maven\resolver\maven-resolver-api\1.1.1\maven-resolver-api-1.1.1.jar;C:\Users\italo\.m2\repository\org\apache\maven\resolver\maven-resolver-util\1.1.1\maven-resolver-util-1.1.1.jar;C:\Users\italo\.m2\repository\org\apache\maven\shared\maven-shared-utils\3.2.1\maven-shared-utils-3.2.1.jar;C:\Users\italo\.m2\repository\com\google\inject\guice\4.2.0\guice-4.2.0-no_aop.jar;C:\Users\italo\.m2\repository\aopalliance\aopalliance\1.0\aopalliance-1.0.jar;C:\Users\italo\.m2\repository\com\google\guava\guava\27.0.1-jre\guava-27.0.1-jre.jar;C:\Users\italo\.m2\repository\com\google\guava\failureaccess\1.0.1\failureaccess-1.0.1.jar;C:\Users\italo\.m2\repository\com\google\guava\listenablefuture\9999.0-empty-to-avoid-conflict-with-guava\listenablefuture-9999.0-empty-to-avoid-conflict-with-guava.jar;C:\Users\italo\.m2\repository\com\google\code\findbugs\jsr305\3.0.2\jsr305-3.0.2.jar;C:\Users\italo\.m2\repository\org\checkerframework\checker-qual\2.5.2\checker-qual-2.5.2.jar;C:\Users\italo\.m2\repository\com\google\errorprone\error_prone_annotations\2.2.0\error_prone_annotations-2.2.0.jar;C:\Users\italo\.m2\repository\com\google\j2objc\j2objc-annotations\1.1\j2objc-annotations-1.1.jar;C:\Users\italo\.m2\repository\org\codehaus\mojo\animal-sniffer-annotations\1.17\animal-sniffer-annotations-1.17.jar;C:\Users\italo\.m2\repository\javax\annotation\jsr250-api\1.0\jsr250-api-1.0.jar;C:\Users\italo\.m2\repository\org\codehaus\plexus\plexus-utils\3.0.24\plexus-utils-3.0.24.jar;C:\Users\italo\.m2\repository\org\codehaus\plexus\plexus-classworlds\2.5.2\plexus-classworlds-2.5.2.jar;C:\Users\italo\.m2\repository\org\eclipse\sisu\org.eclipse.sisu.plexus\0.3.3\org.eclipse.sisu.plexus-0.3.3.jar;C:\Users\italo\.m2\repository\org\codehaus\plexus\plexus-component-annotations\1.7.1\plexus-component-annotations-1.7.1.jar;C:\Users\italo\.m2\repository\commons-cli\commons-cli\1.4\commons-cli-1.4.jar;C:\Users\italo\.m2\repository\org\apache\maven\maven-settings-builder\3.5.4\maven-settings-builder-3.5.4.jar;C:\Users\italo\.m2\repository\org\codehaus\plexus\plexus-interpolation\1.24\plexus-interpolation-1.24.jar;C:\Users\italo\.m2\repository\org\sonatype\plexus\plexus-sec-dispatcher\1.4\plexus-sec-dispatcher-1.4.jar;C:\Users\italo\.m2\repository\org\sonatype\plexus\plexus-cipher\1.4\plexus-cipher-1.4.jar;C:\Users\italo\.m2\repository\org\apache\maven\maven-resolver-provider\3.5.4\maven-resolver-provider-3.5.4.jar;C:\Users\italo\.m2\repository\org\apache\maven\maven-repository-metadata\3.5.4\maven-repository-metadata-3.5.4.jar;C:\Users\italo\.m2\repository\org\apache\maven\resolver\maven-resolver-spi\1.1.1\maven-resolver-spi-1.1.1.jar;C:\Users\italo\.m2\repository\org\apache\maven\resolver\maven-resolver-impl\1.1.1\maven-resolver-impl-1.1.1.jar;C:\Users\italo\.m2\repository\org\apache\maven\resolver\maven-resolver-connector-basic\1.1.1\maven-resolver-connector-basic-1.1.1.jar;C:\Users\italo\.m2\repository\org\apache\maven\resolver\maven-resolver-transport-wagon\1.1.1\maven-resolver-transport-wagon-1.1.1.jar;C:\Users\italo\.m2\repository\org\apache\maven\wagon\wagon-provider-api\3.0.0\wagon-provider-api-3.0.0.jar;C:\Users\italo\.m2\repository\org\apache\maven\wagon\wagon-http\3.0.0\wagon-http-3.0.0.jar;C:\Users\italo\.m2\repository\org\apache\maven\wagon\wagon-http-shared\3.0.0\wagon-http-shared-3.0.0.jar;C:\Users\italo\.m2\repository\org\jsoup\jsoup\1.7.2\jsoup-1.7.2.jar;C:\Users\italo\.m2\repository\org\slf4j\jcl-over-slf4j\1.7.22\jcl-over-slf4j-1.7.22.jar;C:\Users\italo\.m2\repository\org\apache\maven\wagon\wagon-file\3.0.0\wagon-file-3.0.0.jar;C:\Users\italo\.m2\repository\io\quarkus\quarkus-test-common\0.21.1\quarkus-test-common-0.21.1.jar;C:\Users\italo\.m2\repository\io\quarkus\quarkus-core-deployment\0.21.1\quarkus-core-deployment-0.21.1.jar;C:\Users\italo\.m2\repository\org\jboss\invocation\jboss-invocation\1.5.2.Final\jboss-invocation-1.5.2.Final.jar;C:\Users\italo\.m2\repository\org\jboss\classfilewriter\jboss-classfilewriter\1.2.4.Final\jboss-classfilewriter-1.2.4.Final.jar;C:\Users\italo\.m2\repository\io\quarkus\gizmo\gizmo\1.0.0.Alpha7\gizmo-1.0.0.Alpha7.jar;C:\Users\italo\.m2\repository\org\ow2\asm\asm-util\7.1\asm-util-7.1.jar;C:\Users\italo\.m2\repository\org\ow2\asm\asm-tree\7.1\asm-tree-7.1.jar;C:\Users\italo\.m2\repository\org\ow2\asm\asm-analysis\7.1\asm-analysis-7.1.jar;C:\Users\italo\.m2\repository\org\ow2\asm\asm\7.1\asm-7.1.jar;C:\Users\italo\.m2\repository\io\quarkus\quarkus-builder\0.21.1\quarkus-builder-0.21.1.jar;C:\Users\italo\.m2\repository\io\quarkus\quarkus-jsonp-deployment\0.21.1\quarkus-jsonp-deployment-0.21.1.jar;C:\Users\italo\.m2\repository\io\quarkus\quarkus-jsonp\0.21.1\quarkus-jsonp-0.21.1.jar;C:\Users\italo\.m2\repository\org\glassfish\javax.json\1.1.4\javax.json-1.1.4.jar;C:\Users\italo\.m2\repository\org\junit\jupiter\junit-jupiter-api\5.5.0\junit-jupiter-api-5.5.0.jar;C:\Users\italo\.m2\repository\org\apiguardian\apiguardian-api\1.1.0\apiguardian-api-1.1.0.jar;C:\Users\italo\.m2\repository\org\opentest4j\opentest4j\1.2.0\opentest4j-1.2.0.jar;C:\Users\italo\.m2\repository\org\junit\platform\junit-platform-commons\1.5.0\junit-platform-commons-1.5.0.jar;C:\Users\italo\.m2\repository\org\junit\jupiter\junit-jupiter-params\5.5.0\junit-jupiter-params-5.5.0.jar;C:\Users\italo\.m2\repository\org\junit\jupiter\junit-jupiter-engine\5.5.0\junit-jupiter-engine-5.5.0.jar;C:\Users\italo\.m2\repository\org\junit\platform\junit-platform-engine\1.5.0\junit-platform-engine-1.5.0.jar;C:\Users\italo\.m2\repository\io\rest-assured\rest-assured\3.3.0\rest-assured-3.3.0.jar;C:\Users\italo\.m2\repository\org\codehaus\groovy\groovy\2.4.15\groovy-2.4.15.jar;C:\Users\italo\.m2\repository\org\codehaus\groovy\groovy-xml\2.4.15\groovy-xml-2.4.15.jar;C:\Users\italo\.m2\repository\org\apache\httpcomponents\httpclient\4.5.9\httpclient-4.5.9.jar;C:\Users\italo\.m2\repository\commons-codec\commons-codec\1.11\commons-codec-1.11.jar;C:\Users\italo\.m2\repository\org\apache\httpcomponents\httpmime\4.5.3\httpmime-4.5.3.jar;C:\Users\italo\.m2\repository\org\hamcrest\hamcrest-core\1.3\hamcrest-core-1.3.jar;C:\Users\italo\.m2\repository\org\hamcrest\hamcrest-library\1.3\hamcrest-library-1.3.jar;C:\Users\italo\.m2\repository\org\ccil\cowan\tagsoup\tagsoup\1.2.1\tagsoup-1.2.1.jar;C:\Users\italo\.m2\repository\io\rest-assured\json-path\3.3.0\json-path-3.3.0.jar;C:\Users\italo\.m2\repository\org\codehaus\groovy\groovy-json\2.4.15\groovy-json-2.4.15.jar;C:\Users\italo\.m2\repository\io\rest-assured\rest-assured-common\3.3.0\rest-assured-common-3.3.0.jar;C:\Users\italo\.m2\repository\io\rest-assured\xml-path\3.3.0\xml-path-3.3.0.jar;C:\Users\italo\.m2\repository\org\apache\commons\commons-lang3\3.8.1\commons-lang3-3.8.1.jar;C:\Users\italo\.m2\repository\javax\xml\bind\jaxb-api\2.3.1\jaxb-api-2.3.1.jar;C:\Users\italo\.m2\repository\org\apache\sling\org.apache.sling.javax.activation\0.1.0\org.apache.sling.javax.activation-0.1.0.jar;"/>
    <property name="java.vm.vendor" value="Oracle Corporation"/>
    <property name="sun.arch.data.model" value="64"/>
    <property name="user.variant" value=""/>
    <property name="java.vendor.url" value="http://java.oracle.com/"/>
    <property name="user.timezone" value="America/Sao_Paulo"/>
    <property name="java.vm.specification.version" value="11"/>
    <property name="os.name" value="Windows 10"/>
    <property name="sun.java.launcher" value="SUN_STANDARD"/>
    <property name="user.country" value="BR"/>
    <property name="sun.boot.library.path" value="C:\Users\italo\.p2\pool\plugins\org.eclipse.justj.openjdk.hotspot.jre.full.win32.x86_64_11.0.2.v20200815-0835\jre\bin"/>
    <property name="sun.java.command" value="C:\Users\italo\AppData\Local\Temp\surefire16341712243753606680\surefirebooter9046589136912116220.jar C:\Users\italo\AppData\Local\Temp\surefire16341712243753606680 2021-08-14T14-51-28_089-jvmRun1 surefire7060329080820407410tmp surefire_03156950609154083577tmp"/>
    <property name="jdk.debug" value="release"/>
    <property name="surefire.test.class.path" value="C:\Users\italo\Documents\workspace-eclipse\cotacao-dolar\cotacao-dolar-consumidor\target\test-classes;C:\Users\italo\Documents\workspace-eclipse\cotacao-dolar\cotacao-dolar-consumidor\target\classes;C:\Users\italo\.m2\repository\io\quarkus\quarkus-resteasy-jackson\0.21.1\quarkus-resteasy-jackson-0.21.1.jar;C:\Users\italo\.m2\repository\io\quarkus\quarkus-resteasy\0.21.1\quarkus-resteasy-0.21.1.jar;C:\Users\italo\.m2\repository\io\quarkus\quarkus-resteasy-server-common\0.21.1\quarkus-resteasy-server-common-0.21.1.jar;C:\Users\italo\.m2\repository\javax\validation\validation-api\2.0.1.Final\validation-api-2.0.1.Final.jar;C:\Users\italo\.m2\repository\io\quarkus\quarkus-jaxb\0.21.1\quarkus-jaxb-0.21.1.jar;C:\Users\italo\.m2\repository\io\quarkus\quarkus-jackson\0.21.1\quarkus-jackson-0.21.1.jar;C:\Users\italo\.m2\repository\com\fasterxml\jackson\core\jackson-databind\2.9.9.3\jackson-databind-2.9.9.3.jar;C:\Users\italo\.m2\repository\org\jboss\resteasy\resteasy-jackson2-provider\4.2.0.Final\resteasy-jackson2-provider-4.2.0.Final.jar;C:\Users\italo\.m2\repository\org\jboss\resteasy\resteasy-jaxb-provider\4.2.0.Final\resteasy-jaxb-provider-4.2.0.Final.jar;C:\Users\italo\.m2\repository\org\jboss\spec\javax\xml\bind\jboss-jaxb-api_2.3_spec\1.0.1.Final\jboss-jaxb-api_2.3_spec-1.0.1.Final.jar;C:\Users\italo\.m2\repository\org\glassfish\jaxb\jaxb-runtime\2.3.1\jaxb-runtime-2.3.1.jar;C:\Users\italo\.m2\repository\org\glassfish\jaxb\txw2\2.3.1\txw2-2.3.1.jar;C:\Users\italo\.m2\repository\com\sun\istack\istack-commons-runtime\3.0.7\istack-commons-runtime-3.0.7.jar;C:\Users\italo\.m2\repository\org\jvnet\staxex\stax-ex\1.8\stax-ex-1.8.jar;C:\Users\italo\.m2\repository\com\sun\xml\fastinfoset\FastInfoset\1.2.15\FastInfoset-1.2.15.jar;C:\Users\italo\.m2\repository\com\fasterxml\jackson\core\jackson-core\2.9.9\jackson-core-2.9.9.jar;C:\Users\italo\.m2\repository\com\fasterxml\jackson\core\jackson-annotations\2.9.0\jackson-annotations-2.9.0.jar;C:\Users\italo\.m2\repository\com\fasterxml\jackson\jaxrs\jackson-jaxrs-json-provider\2.9.9\jackson-jaxrs-json-provider-2.9.9.jar;C:\Users\italo\.m2\repository\com\fasterxml\jackson\jaxrs\jackson-jaxrs-base\2.9.9\jackson-jaxrs-base-2.9.9.jar;C:\Users\italo\.m2\repository\com\fasterxml\jackson\module\jackson-module-jaxb-annotations\2.9.9\jackson-module-jaxb-annotations-2.9.9.jar;C:\Users\italo\.m2\repository\com\github\fge\json-patch\1.9\json-patch-1.9.jar;C:\Users\italo\.m2\repository\com\github\fge\jackson-coreutils\1.6\jackson-coreutils-1.6.jar;C:\Users\italo\.m2\repository\com\github\fge\msg-simple\1.1\msg-simple-1.1.jar;C:\Users\italo\.m2\repository\com\github\fge\btf\1.2\btf-1.2.jar;C:\Users\italo\.m2\repository\org\jboss\logging\jboss-logging\3.3.2.Final\jboss-logging-3.3.2.Final.jar;C:\Users\italo\.m2\repository\io\quarkus\quarkus-rest-client\0.21.1\quarkus-rest-client-0.21.1.jar;C:\Users\italo\.m2\repository\io\quarkus\quarkus-core\0.21.1\quarkus-core-0.21.1.jar;C:\Users\italo\.m2\repository\javax\inject\javax.inject\1\javax.inject-1.jar;C:\Users\italo\.m2\repository\javax\annotation\javax.annotation-api\1.3.2\javax.annotation-api-1.3.2.jar;C:\Users\italo\.m2\repository\io\smallrye\smallrye-config\1.3.5\smallrye-config-1.3.5.jar;C:\Users\italo\.m2\repository\javax\enterprise\cdi-api\2.0.SP1\cdi-api-2.0.SP1.jar;C:\Users\italo\.m2\repository\javax\el\javax.el-api\3.0.0\javax.el-api-3.0.0.jar;C:\Users\italo\.m2\repository\javax\interceptor\javax.interceptor-api\1.2\javax.interceptor-api-1.2.jar;C:\Users\italo\.m2\repository\org\jboss\logmanager\jboss-logmanager-embedded\1.0.3\jboss-logmanager-embedded-1.0.3.jar;C:\Users\italo\.m2\repository\org\jboss\logging\jboss-logging-annotations\2.1.0.Final\jboss-logging-annotations-2.1.0.Final.jar;C:\Users\italo\.m2\repository\org\jboss\threads\jboss-threads\3.0.0.Beta5\jboss-threads-3.0.0.Beta5.jar;C:\Users\italo\.m2\repository\org\slf4j\slf4j-api\1.7.25\slf4j-api-1.7.25.jar;C:\Users\italo\.m2\repository\org\jboss\slf4j\slf4j-jboss-logging\1.2.0.Final\slf4j-jboss-logging-1.2.0.Final.jar;C:\Users\italo\.m2\repository\org\graalvm\sdk\graal-sdk\19.1.1\graal-sdk-19.1.1.jar;C:\Users\italo\.m2\repository\org\wildfly\common\wildfly-common\1.5.0.Final-format-001\wildfly-common-1.5.0.Final-format-001.jar;C:\Users\italo\.m2\repository\org\wildfly\security\wildfly-elytron-ssl\2.0.0.Alpha4\wildfly-elytron-ssl-2.0.0.Alpha4.jar;C:\Users\italo\.m2\repository\org\wildfly\security\wildfly-elytron-auth-server\2.0.0.Alpha4\wildfly-elytron-auth-server-2.0.0.Alpha4.jar;C:\Users\italo\.m2\repository\org\wildfly\security\wildfly-elytron-permission\2.0.0.Alpha4\wildfly-elytron-permission-2.0.0.Alpha4.jar;C:\Users\italo\.m2\repository\org\wildfly\security\wildfly-elytron-base\2.0.0.Alpha4\wildfly-elytron-base-2.0.0.Alpha4.jar;C:\Users\italo\.m2\repository\org\wildfly\security\wildfly-elytron-credential\2.0.0.Alpha4\wildfly-elytron-credential-2.0.0.Alpha4.jar;C:\Users\italo\.m2\repository\org\wildfly\security\wildfly-elytron-keystore\2.0.0.Alpha4\wildfly-elytron-keystore-2.0.0.Alpha4.jar;C:\Users\italo\.m2\repository\org\wildfly\security\wildfly-elytron-provider-util\2.0.0.Alpha4\wildfly-elytron-provider-util-2.0.0.Alpha4.jar;C:\Users\italo\.m2\repository\org\wildfly\security\wildfly-elytron-auth\2.0.0.Alpha4\wildfly-elytron-auth-2.0.0.Alpha4.jar;C:\Users\italo\.m2\repository\org\wildfly\security\wildfly-elytron-util\2.0.0.Alpha4\wildfly-elytron-util-2.0.0.Alpha4.jar;C:\Users\italo\.m2\repository\org\wildfly\security\wildfly-elytron-x500\2.0.0.Alpha4\wildfly-elytron-x500-2.0.0.Alpha4.jar;C:\Users\italo\.m2\repository\org\wildfly\security\wildfly-elytron-x500-cert\2.0.0.Alpha4\wildfly-elytron-x500-cert-2.0.0.Alpha4.jar;C:\Users\italo\.m2\repository\org\wildfly\security\wildfly-elytron-asn1\2.0.0.Alpha4\wildfly-elytron-asn1-2.0.0.Alpha4.jar;C:\Users\italo\.m2\repository\org\wildfly\security\wildfly-elytron-x500-cert-util\2.0.0.Alpha4\wildfly-elytron-x500-cert-util-2.0.0.Alpha4.jar;C:\Users\italo\.m2\repository\io\quarkus\quarkus-arc\0.21.1\quarkus-arc-0.21.1.jar;C:\Users\italo\.m2\repository\io\quarkus\arc\arc\0.21.1\arc-0.21.1.jar;C:\Users\italo\.m2\repository\org\eclipse\microprofile\context-propagation\microprofile-context-propagation-api\1.0-RC1\microprofile-context-propagation-api-1.0-RC1.jar;C:\Users\italo\.m2\repository\io\quarkus\quarkus-resteasy-common\0.21.1\quarkus-resteasy-common-0.21.1.jar;C:\Users\italo\.m2\repository\org\jboss\resteasy\resteasy-core\4.2.0.Final\resteasy-core-4.2.0.Final.jar;C:\Users\italo\.m2\repository\org\jboss\spec\javax\ws\rs\jboss-jaxrs-api_2.1_spec\1.0.2.Final\jboss-jaxrs-api_2.1_spec-1.0.2.Final.jar;C:\Users\italo\.m2\repository\org\jboss\resteasy\resteasy-core-spi\4.2.0.Final\resteasy-core-spi-4.2.0.Final.jar;C:\Users\italo\.m2\repository\org\reactivestreams\reactive-streams\1.0.2\reactive-streams-1.0.2.jar;C:\Users\italo\.m2\repository\org\jboss\resteasy\resteasy-context-propagation\4.2.0.Final\resteasy-context-propagation-4.2.0.Final.jar;C:\Users\italo\.m2\repository\io\smallrye\smallrye-context-propagation\1.0.7\smallrye-context-propagation-1.0.7.jar;C:\Users\italo\.m2\repository\io\smallrye\smallrye-context-propagation-api\1.0.7\smallrye-context-propagation-api-1.0.7.jar;C:\Users\italo\.m2\repository\com\sun\activation\jakarta.activation\1.2.1\jakarta.activation-1.2.1.jar;C:\Users\italo\.m2\repository\org\jboss\resteasy\resteasy-client-microprofile\4.2.0.Final\resteasy-client-microprofile-4.2.0.Final.jar;C:\Users\italo\.m2\repository\org\jboss\resteasy\resteasy-client\4.2.0.Final\resteasy-client-4.2.0.Final.jar;C:\Users\italo\.m2\repository\org\jboss\resteasy\resteasy-client-api\4.2.0.Final\resteasy-client-api-4.2.0.Final.jar;C:\Users\italo\.m2\repository\commons-io\commons-io\2.5\commons-io-2.5.jar;C:\Users\italo\.m2\repository\org\jboss\resteasy\resteasy-cdi\4.2.0.Final\resteasy-cdi-4.2.0.Final.jar;C:\Users\italo\.m2\repository\org\jboss\spec\javax\interceptor\jboss-interceptors-api_1.2_spec\1.0.1.Final\jboss-interceptors-api_1.2_spec-1.0.1.Final.jar;C:\Users\italo\.m2\repository\org\jboss\weld\weld-api\3.0.SP4\weld-api-3.0.SP4.jar;C:\Users\italo\.m2\repository\org\eclipse\microprofile\rest\client\microprofile-rest-client-api\1.3.3\microprofile-rest-client-api-1.3.3.jar;C:\Users\italo\.m2\repository\org\apache\httpcomponents\httpasyncclient\4.1.4\httpasyncclient-4.1.4.jar;C:\Users\italo\.m2\repository\org\apache\httpcomponents\httpcore\4.4.11\httpcore-4.4.11.jar;C:\Users\italo\.m2\repository\org\apache\httpcomponents\httpcore-nio\4.4.10\httpcore-nio-4.4.10.jar;C:\Users\italo\.m2\repository\commons-logging\commons-logging\1.2\commons-logging-1.2.jar;C:\Users\italo\.m2\repository\io\quarkus\quarkus-smallrye-openapi\0.21.1\quarkus-smallrye-openapi-0.21.1.jar;C:\Users\italo\.m2\repository\io\smallrye\smallrye-open-api\1.1.3\smallrye-open-api-1.1.3.jar;C:\Users\italo\.m2\repository\org\eclipse\microprofile\openapi\microprofile-openapi-api\1.1.2\microprofile-openapi-api-1.1.2.jar;C:\Users\italo\.m2\repository\org\osgi\org.osgi.annotation.versioning\1.0.0\org.osgi.annotation.versioning-1.0.0.jar;C:\Users\italo\.m2\repository\org\eclipse\microprofile\config\microprofile-config-api\1.3\microprofile-config-api-1.3.jar;C:\Users\italo\.m2\repository\com\fasterxml\jackson\dataformat\jackson-dataformat-yaml\2.9.9\jackson-dataformat-yaml-2.9.9.jar;C:\Users\italo\.m2\repository\org\yaml\snakeyaml\1.23\snakeyaml-1.23.jar;C:\Users\italo\.m2\repository\org\jboss\jandex\2.1.1.Final\jandex-2.1.1.Final.jar;C:\Users\italo\.m2\repository\org\jboss\shrinkwrap\shrinkwrap-api\1.2.6\shrinkwrap-api-1.2.6.jar;C:\Users\italo\.m2\repository\commons-beanutils\commons-beanutils\1.9.3\commons-beanutils-1.9.3.jar;C:\Users\italo\.m2\repository\commons-collections\commons-collections\3.2.2\commons-collections-3.2.2.jar;C:\Users\italo\.m2\repository\io\quarkus\quarkus-undertow\0.21.1\quarkus-undertow-0.21.1.jar;C:\Users\italo\.m2\repository\io\quarkus\quarkus-undertow-common-substitutions\0.21.1\quarkus-undertow-common-substitutions-0.21.1.jar;C:\Users\italo\.m2\repository\io\undertow\undertow-servlet\2.0.23.Final\undertow-servlet-2.0.23.Final.jar;C:\Users\italo\.m2\repository\io\undertow\undertow-core\2.0.23.Final\undertow-core-2.0.23.Final.jar;C:\Users\italo\.m2\repository\org\jboss\spec\javax\servlet\jboss-servlet-api_4.0_spec\1.0.0.Final\jboss-servlet-api_4.0_spec-1.0.0.Final.jar;C:\Users\italo\.m2\repository\org\jboss\xnio\xnio-nio\3.7.2.Final\xnio-nio-3.7.2.Final.jar;C:\Users\italo\.m2\repository\org\jboss\xnio\xnio-api\3.7.2.Final\xnio-api-3.7.2.Final.jar;C:\Users\italo\.m2\repository\io\quarkus\quarkus-swagger-ui\0.21.1\quarkus-swagger-ui-0.21.1.jar;C:\Users\italo\.m2\repository\io\quarkus\quarkus-junit5\0.21.1\quarkus-junit5-0.21.1.jar;C:\Users\italo\.m2\repository\io\quarkus\quarkus-bootstrap-core\0.21.1\quarkus-bootstrap-core-0.21.1.jar;C:\Users\italo\.m2\repository\org\apache\maven\maven-embedder\3.5.4\maven-embedder-3.5.4.jar;C:\Users\italo\.m2\repository\org\apache\maven\maven-settings\3.5.4\maven-settings-3.5.4.jar;C:\Users\italo\.m2\repository\org\apache\maven\maven-core\3.5.4\maven-core-3.5.4.jar;C:\Users\italo\.m2\repository\org\apache\maven\maven-artifact\3.5.4\maven-artifact-3.5.4.jar;C:\Users\italo\.m2\repository\org\apache\maven\maven-plugin-api\3.5.4\maven-plugin-api-3.5.4.jar;C:\Users\italo\.m2\repository\org\apache\maven\maven-model\3.5.4\maven-model-3.5.4.jar;C:\Users\italo\.m2\repository\org\apache\maven\maven-model-builder\3.5.4\maven-model-builder-3.5.4.jar;C:\Users\italo\.m2\repository\org\apache\maven\maven-builder-support\3.5.4\maven-builder-support-3.5.4.jar;C:\Users\italo\.m2\repository\org\apache\maven\resolver\maven-resolver-api\1.1.1\maven-resolver-api-1.1.1.jar;C:\Users\italo\.m2\repository\org\apache\maven\resolver\maven-resolver-util\1.1.1\maven-resolver-util-1.1.1.jar;C:\Users\italo\.m2\repository\org\apache\maven\shared\maven-shared-utils\3.2.1\maven-shared-utils-3.2.1.jar;C:\Users\italo\.m2\repository\com\google\inject\guice\4.2.0\guice-4.2.0-no_aop.jar;C:\Users\italo\.m2\repository\aopalliance\aopalliance\1.0\aopalliance-1.0.jar;C:\Users\italo\.m2\repository\com\google\guava\guava\27.0.1-jre\guava-27.0.1-jre.jar;C:\Users\italo\.m2\repository\com\google\guava\failureaccess\1.0.1\failureaccess-1.0.1.jar;C:\Users\italo\.m2\repository\com\google\guava\listenablefuture\9999.0-empty-to-avoid-conflict-with-guava\listenablefuture-9999.0-empty-to-avoid-conflict-with-guava.jar;C:\Users\italo\.m2\repository\com\google\code\findbugs\jsr305\3.0.2\jsr305-3.0.2.jar;C:\Users\italo\.m2\repository\org\checkerframework\checker-qual\2.5.2\checker-qual-2.5.2.jar;C:\Users\italo\.m2\repository\com\google\errorprone\error_prone_annotations\2.2.0\error_prone_annotations-2.2.0.jar;C:\Users\italo\.m2\repository\com\google\j2objc\j2objc-annotations\1.1\j2objc-annotations-1.1.jar;C:\Users\italo\.m2\repository\org\codehaus\mojo\animal-sniffer-annotations\1.17\animal-sniffer-annotations-1.17.jar;C:\Users\italo\.m2\repository\javax\annotation\jsr250-api\1.0\jsr250-api-1.0.jar;C:\Users\italo\.m2\repository\org\codehaus\plexus\plexus-utils\3.0.24\plexus-utils-3.0.24.jar;C:\Users\italo\.m2\repository\org\codehaus\plexus\plexus-classworlds\2.5.2\plexus-classworlds-2.5.2.jar;C:\Users\italo\.m2\repository\org\eclipse\sisu\org.eclipse.sisu.plexus\0.3.3\org.eclipse.sisu.plexus-0.3.3.jar;C:\Users\italo\.m2\repository\org\codehaus\plexus\plexus-component-annotations\1.7.1\plexus-component-annotations-1.7.1.jar;C:\Users\italo\.m2\repository\commons-cli\commons-cli\1.4\commons-cli-1.4.jar;C:\Users\italo\.m2\repository\org\apache\maven\maven-settings-builder\3.5.4\maven-settings-builder-3.5.4.jar;C:\Users\italo\.m2\repository\org\codehaus\plexus\plexus-interpolation\1.24\plexus-interpolation-1.24.jar;C:\Users\italo\.m2\repository\org\sonatype\plexus\plexus-sec-dispatcher\1.4\plexus-sec-dispatcher-1.4.jar;C:\Users\italo\.m2\repository\org\sonatype\plexus\plexus-cipher\1.4\plexus-cipher-1.4.jar;C:\Users\italo\.m2\repository\org\apache\maven\maven-resolver-provider\3.5.4\maven-resolver-provider-3.5.4.jar;C:\Users\italo\.m2\repository\org\apache\maven\maven-repository-metadata\3.5.4\maven-repository-metadata-3.5.4.jar;C:\Users\italo\.m2\repository\org\apache\maven\resolver\maven-resolver-spi\1.1.1\maven-resolver-spi-1.1.1.jar;C:\Users\italo\.m2\repository\org\apache\maven\resolver\maven-resolver-impl\1.1.1\maven-resolver-impl-1.1.1.jar;C:\Users\italo\.m2\repository\org\apache\maven\resolver\maven-resolver-connector-basic\1.1.1\maven-resolver-connector-basic-1.1.1.jar;C:\Users\italo\.m2\repository\org\apache\maven\resolver\maven-resolver-transport-wagon\1.1.1\maven-resolver-transport-wagon-1.1.1.jar;C:\Users\italo\.m2\repository\org\apache\maven\wagon\wagon-provider-api\3.0.0\wagon-provider-api-3.0.0.jar;C:\Users\italo\.m2\repository\org\apache\maven\wagon\wagon-http\3.0.0\wagon-http-3.0.0.jar;C:\Users\italo\.m2\repository\org\apache\maven\wagon\wagon-http-shared\3.0.0\wagon-http-shared-3.0.0.jar;C:\Users\italo\.m2\repository\org\jsoup\jsoup\1.7.2\jsoup-1.7.2.jar;C:\Users\italo\.m2\repository\org\slf4j\jcl-over-slf4j\1.7.22\jcl-over-slf4j-1.7.22.jar;C:\Users\italo\.m2\repository\org\apache\maven\wagon\wagon-file\3.0.0\wagon-file-3.0.0.jar;C:\Users\italo\.m2\repository\io\quarkus\quarkus-test-common\0.21.1\quarkus-test-common-0.21.1.jar;C:\Users\italo\.m2\repository\io\quarkus\quarkus-core-deployment\0.21.1\quarkus-core-deployment-0.21.1.jar;C:\Users\italo\.m2\repository\org\jboss\invocation\jboss-invocation\1.5.2.Final\jboss-invocation-1.5.2.Final.jar;C:\Users\italo\.m2\repository\org\jboss\classfilewriter\jboss-classfilewriter\1.2.4.Final\jboss-classfilewriter-1.2.4.Final.jar;C:\Users\italo\.m2\repository\io\quarkus\gizmo\gizmo\1.0.0.Alpha7\gizmo-1.0.0.Alpha7.jar;C:\Users\italo\.m2\repository\org\ow2\asm\asm-util\7.1\asm-util-7.1.jar;C:\Users\italo\.m2\repository\org\ow2\asm\asm-tree\7.1\asm-tree-7.1.jar;C:\Users\italo\.m2\repository\org\ow2\asm\asm-analysis\7.1\asm-analysis-7.1.jar;C:\Users\italo\.m2\repository\org\ow2\asm\asm\7.1\asm-7.1.jar;C:\Users\italo\.m2\repository\io\quarkus\quarkus-builder\0.21.1\quarkus-builder-0.21.1.jar;C:\Users\italo\.m2\repository\io\quarkus\quarkus-jsonp-deployment\0.21.1\quarkus-jsonp-deployment-0.21.1.jar;C:\Users\italo\.m2\repository\io\quarkus\quarkus-jsonp\0.21.1\quarkus-jsonp-0.21.1.jar;C:\Users\italo\.m2\repository\org\glassfish\javax.json\1.1.4\javax.json-1.1.4.jar;C:\Users\italo\.m2\repository\org\junit\jupiter\junit-jupiter-api\5.5.0\junit-jupiter-api-5.5.0.jar;C:\Users\italo\.m2\repository\org\apiguardian\apiguardian-api\1.1.0\apiguardian-api-1.1.0.jar;C:\Users\italo\.m2\repository\org\opentest4j\opentest4j\1.2.0\opentest4j-1.2.0.jar;C:\Users\italo\.m2\repository\org\junit\platform\junit-platform-commons\1.5.0\junit-platform-commons-1.5.0.jar;C:\Users\italo\.m2\repository\org\junit\jupiter\junit-jupiter-params\5.5.0\junit-jupiter-params-5.5.0.jar;C:\Users\italo\.m2\repository\org\junit\jupiter\junit-jupiter-engine\5.5.0\junit-jupiter-engine-5.5.0.jar;C:\Users\italo\.m2\repository\org\junit\platform\junit-platform-engine\1.5.0\junit-platform-engine-1.5.0.jar;C:\Users\italo\.m2\repository\io\rest-assured\rest-assured\3.3.0\rest-assured-3.3.0.jar;C:\Users\italo\.m2\repository\org\codehaus\groovy\groovy\2.4.15\groovy-2.4.15.jar;C:\Users\italo\.m2\repository\org\codehaus\groovy\groovy-xml\2.4.15\groovy-xml-2.4.15.jar;C:\Users\italo\.m2\repository\org\apache\httpcomponents\httpclient\4.5.9\httpclient-4.5.9.jar;C:\Users\italo\.m2\repository\commons-codec\commons-codec\1.11\commons-codec-1.11.jar;C:\Users\italo\.m2\repository\org\apache\httpcomponents\httpmime\4.5.3\httpmime-4.5.3.jar;C:\Users\italo\.m2\repository\org\hamcrest\hamcrest-core\1.3\hamcrest-core-1.3.jar;C:\Users\italo\.m2\repository\org\hamcrest\hamcrest-library\1.3\hamcrest-library-1.3.jar;C:\Users\italo\.m2\repository\org\ccil\cowan\tagsoup\tagsoup\1.2.1\tagsoup-1.2.1.jar;C:\Users\italo\.m2\repository\io\rest-assured\json-path\3.3.0\json-path-3.3.0.jar;C:\Users\italo\.m2\repository\org\codehaus\groovy\groovy-json\2.4.15\groovy-json-2.4.15.jar;C:\Users\italo\.m2\repository\io\rest-assured\rest-assured-common\3.3.0\rest-assured-common-3.3.0.jar;C:\Users\italo\.m2\repository\io\rest-assured\xml-path\3.3.0\xml-path-3.3.0.jar;C:\Users\italo\.m2\repository\org\apache\commons\commons-lang3\3.8.1\commons-lang3-3.8.1.jar;C:\Users\italo\.m2\repository\javax\xml\bind\jaxb-api\2.3.1\jaxb-api-2.3.1.jar;C:\Users\italo\.m2\repository\org\apache\sling\org.apache.sling.javax.activation\0.1.0\org.apache.sling.javax.activation-0.1.0.jar;"/>
    <property name="sun.cpu.endian" value="little"/>
    <property name="user.home" value="C:\Users\italo"/>
    <property name="user.language" value="pt"/>
    <property name="java.specification.vendor" value="Oracle Corporation"/>
    <property name="java.version.date" value="2019-01-15"/>
    <property name="java.home" value="C:\Users\italo\.p2\pool\plugins\org.eclipse.justj.openjdk.hotspot.jre.full.win32.x86_64_11.0.2.v20200815-0835\jre"/>
    <property name="file.separator" value="\"/>
    <property name="basedir" value="C:\Users\italo\Documents\workspace-eclipse\cotacao-dolar\cotacao-dolar-consumidor"/>
    <property name="java.vm.compressedOopsMode" value="32-bit"/>
    <property name="line.separator" value="&#10;"/>
    <property name="java.specification.name" value="Java Platform API Specification"/>
    <property name="java.vm.specification.vendor" value="Oracle Corporation"/>
    <property name="java.awt.graphicsenv" value="sun.awt.Win32GraphicsEnvironment"/>
    <property name="surefire.real.class.path" value="C:\Users\italo\AppData\Local\Temp\surefire16341712243753606680\surefirebooter9046589136912116220.jar"/>
    <property name="user.script" value=""/>
    <property name="sun.management.compiler" value="HotSpot 64-Bit Tiered Compilers"/>
    <property name="java.runtime.version" value="11.0.2+9"/>
    <property name="user.name" value="italo"/>
    <property name="path.separator" value=";"/>
    <property name="os.version" value="10.0"/>
    <property name="java.runtime.name" value="OpenJDK Runtime Environment"/>
    <property name="file.encoding" value="Cp1252"/>
    <property name="java.vm.name" value="OpenJDK 64-Bit Server VM"/>
    <property name="java.vendor.version" value="18.9"/>
    <property name="localRepository" value="C:\Users\italo\.m2\repository"/>
    <property name="java.vendor.url.bug" value="http://bugreport.java.com/bugreport/"/>
    <property name="java.io.tmpdir" value="C:\Users\italo\AppData\Local\Temp\"/>
    <property name="java.version" value="11.0.2"/>
    <property name="user.dir" value="C:\Users\italo\Documents\workspace-eclipse\cotacao-dolar\cotacao-dolar-consumidor"/>
    <property name="os.arch" value="amd64"/>
    <property name="java.vm.specification.name" value="Java Virtual Machine Specification"/>
    <property name="java.awt.printerjob" value="sun.awt.windows.WPrinterJob"/>
    <property name="sun.os.patch.level" value=""/>
    <property name="java.util.logging.manager" value="org.jboss.logmanager.LogManager"/>
    <property name="java.library.path" value="C:\Users\italo\.p2\pool\plugins\org.eclipse.justj.openjdk.hotspot.jre.full.win32.x86_64_11.0.2.v20200815-0835\jre\bin;C:\WINDOWS\Sun\Java\bin;C:\WINDOWS\system32;C:\WINDOWS;C:/Users/italo/.p2/pool/plugins/org.eclipse.justj.openjdk.hotspot.jre.full.win32.x86_64_11.0.2.v20200815-0835/jre/bin/server;C:/Users/italo/.p2/pool/plugins/org.eclipse.justj.openjdk.hotspot.jre.full.win32.x86_64_11.0.2.v20200815-0835/jre/bin;C:\WINDOWS\system32;C:\WINDOWS;C:\WINDOWS\System32\Wbem;C:\WINDOWS\System32\WindowsPowerShell\v1.0\;C:\WINDOWS\System32\OpenSSH\;C:\Program Files (x86)\Intel\Intel(R) Management Engine Components\DAL;C:\Program Files\Intel\Intel(R) Management Engine Components\DAL;C:\Program Files\Git\cmd;C:\Program Files\PuTTY\;C:\Program Files\Kubernetes\Minikube;C:\Program Files\nodejs\;C:\Program Files\Amazon\AWSCLIV2\;C:\Program Files\Docker\Docker\resources\bin;C:\ProgramData\DockerDesktop\version-bin;C:\WINDOWS\system32;C:\WINDOWS;C:\WINDOWS\System32\Wbem;C:\WINDOWS\System32\WindowsPowerShell\v1.0\;C:\WINDOWS\System32\OpenSSH\;C:\Program Files (x86)\Intel\Intel(R) Management Engine Components\DAL;C:\Program Files\Intel\Intel(R) Management Engine Components\DAL;C:\Program Files\Git\cmd;C:\Program Files\PuTTY\;C:\Program Files\Kubernetes\Minikube;C:\Program Files\nodejs\;C:\Program Files\Amazon\AWSCLIV2\;C:\Program Files\Docker\Docker\resources\bin;C:\ProgramData\DockerDesktop\version-bin;C:\Softwares\jdk-11.0.10/bin;C:\Softwares\kafka\bin\windows;C:\Softwares\curl-7.76.1\bin;C:\Softwares\apache-maven-3.8.1\bin;C:\Program Files\kubernetes;C:\Program Files\kubernetes\Minikube;C:\Users\italo\AppData\Roaming\npm;C:\Program Files\PostgreSQL\13\bin;%WIX_HOME%;C:\Softwares\OpenSSL;C:\Users\italo\AppData\Local\Android\Sdk\emulator;C:\Users\italo\AppData\Local\Android\Sdk\platform-tools;C:\Softwares\mysql-5.7.35-winx64\bin;C:\Users\italo\OneDrive\Área de Trabalho;;."/>
    <property name="java.vendor" value="Oracle Corporation"/>
    <property name="java.vm.info" value="mixed mode"/>
    <property name="java.vm.version" value="11.0.2+9"/>
    <property name="sun.io.unicode.encoding" value="UnicodeLittle"/>
    <property name="java.class.version" value="55.0"/>
  </properties>
  <testcase name="teste" classname="cotacao.dolar.consumidor.CotacaoDolarTest" time="5.54">
    <error message="Connection refused: connect" type="java.net.ConnectException">java.net.ConnectException: Connection refused: connect
	at cotacao.dolar.consumidor.CotacaoDolarTest.teste(CotacaoDolarTest.java:13)
</error>
  </testcase>
</testsuite>